[10:36:44] [ServerMain/WARN]: Failed to add PDH Counter: \Paging File(_Total)\% Usage, Error code: 0xC0000BB8
[10:36:44] [ServerMain/WARN]: Failed to add counter for PDH counter: \Paging File(_Total)\% Usage
[10:36:44] [ServerMain/WARN]: Disabling further attempts to query Paging File.
[10:36:45] [ServerMain/WARN]: COM exception: Invalid Query: SELECT PERCENTUSAGE FROM Win32_PerfRawData_PerfOS_PagingFile
[10:36:47] [ServerMain/INFO]: Building unoptimized datafixer
[10:36:47] [ServerMain/INFO]: Environment: authHost='https://authserver.mojang.com', accountsHost='https://api.mojang.com', sessionHost='https://sessionserver.mojang.com', servicesHost='https://api.minecraftservices.com', name='PROD'
[10:36:49] [ServerMain/INFO]: Loaded 7 recipes
[10:36:49] [ServerMain/INFO]: Loaded 1179 advancements
[10:36:49] [Server thread/INFO]: Starting minecraft server version 1.19
[10:36:49] [Server thread/INFO]: Loading properties
[10:36:49] [Server thread/INFO]: Default game type: SURVIVAL
[10:36:49] [Server thread/INFO]: Generating keypair
[10:36:50] [Server thread/INFO]: Starting Minecraft server on *:25565
[10:36:50] [Server thread/INFO]: Using default channel type
[10:36:50] [Server thread/WARN]: **** SERVER IS RUNNING IN OFFLINE/INSECURE MODE!
[10:36:50] [Server thread/WARN]: The server will make no attempt to authenticate usernames. Beware.
[10:36:50] [Server thread/WARN]: While this makes the game possible to play without internet access, it also opens up the ability for hackers to connect with any username they choose.
[10:36:50] [Server thread/WARN]: To change this, set "online-mode" to "true" in the server.properties file.
[10:36:50] [Server thread/INFO]: Preparing level "world"
[10:36:50] [Server thread/INFO]: Preparing start region for dimension minecraft:overworld
[10:36:52] [Worker-Main-5/INFO]: Preparing spawn area: 0%
[10:36:52] [Worker-Main-5/INFO]: Preparing spawn area: 0%
[10:36:52] [Worker-Main-2/INFO]: Preparing spawn area: 0%
[10:36:52] [Worker-Main-1/INFO]: Preparing spawn area: 0%
[10:36:52] [Worker-Main-2/INFO]: Preparing spawn area: 0%
[10:36:52] [Worker-Main-4/INFO]: Preparing spawn area: 0%
[10:36:53] [Worker-Main-5/INFO]: Preparing spawn area: 17%
[10:36:53] [Server thread/INFO]: Time elapsed: 3361 ms
[10:36:53] [Server thread/INFO]: Done (3.529s)! For help, type "help"
[10:37:01] [Server thread/INFO]: _ReaZzy[/172.29.169.159:51871] logged in with entity id 105 at (-695.6073887162999, 64.0, -2196.5033395997207)
[10:37:01] [Server thread/INFO]: _ReaZzy joined the game
[10:37:28] [Server thread/INFO]: A4ko[/172.29.6.141:55016] logged in with entity id 529 at (-696.6413089959938, 64.0, -2195.852901732504)
[10:37:28] [Server thread/INFO]: A4ko joined the game
[10:37:56] [Server thread/INFO]: VaniaToper[/172.29.150.168:62898] logged in with entity id 605 at (-637.9548772501823, 78.1212968405392, -2293.0083470407053)
[10:37:56] [Server thread/INFO]: VaniaToper joined the game
[10:53:01] [Server thread/INFO]: A4ko was slain by Enderman
[11:01:00] [Server thread/WARN]: Mismatch in destroy block pos: gt{x=-1408, y=-6, z=-2727} gt{x=-1409, y=-9, z=-2728}
[11:04:27] [Server thread/INFO]: Villager bss['Librarian'/9134, l='ServerLevel[world]', x=-114.35, y=71.00, z=-294.34] died, message: 'Librarian hit the ground too hard'
[11:19:44] [Server thread/INFO]: _ReaZzy was shot by Skeleton
[11:29:41] [Server thread/INFO]: VaniaToper has made the advancement [Take Aim]
[11:32:15] [Server thread/INFO]: A4ko lost connection: Disconnected
[11:32:15] [Server thread/INFO]: A4ko left the game
[11:46:19] [Server thread/WARN]: Mismatch in destroy block pos: gt{x=-266, y=13, z=-244} gt{x=-268, y=12, z=-244}
[11:52:08] [Server thread/INFO]: A4ko[/172.29.6.141:52244] logged in with entity id 44608 at (-1292.5094915411817, 48.0, -2457.300000011921)
[11:52:08] [Server thread/INFO]: A4ko joined the game
[11:52:43] [Server thread/WARN]: Mismatch in destroy block pos: gt{x=100, y=14, z=-299} gt{x=76, y=14, z=-299}
[11:52:43] [Server thread/WARN]: Mismatch in destroy block pos: gt{x=100, y=14, z=-299} gt{x=76, y=14, z=-299}
[11:52:43] [Server thread/WARN]: Mismatch in destroy block pos: gt{x=100, y=14, z=-299} gt{x=76, y=14, z=-299}
[11:57:09] [Server thread/INFO]: Crafty1664[/172.29.133.220:49195] logged in with entity id 48053 at (-701.4150860827214, 64.41999998688698, -2196.810583751769)
[11:57:09] [Server thread/INFO]: Crafty1664 joined the game
[12:02:56] [Server thread/INFO]: _LeEta[/172.29.136.163:55887] logged in with entity id 52527 at (-721.9063072221539, 66.53584062504456, -2196.3158462581855)
[12:02:56] [Server thread/INFO]: _LeEta joined the game
[12:24:39] [Server thread/INFO]: Villager bss['Mason'/69685, l='ServerLevel[world]', x=-1879.70, y=63.00, z=-4281.70] died, message: 'Mason was slain by Zombie'
[12:24:50] [Server thread/INFO]: Villager bss['Villager'/69686, l='ServerLevel[world]', x=-1879.15, y=63.00, z=-4281.85] died, message: 'Villager was slain by Zombie Villager'
[12:24:55] [Server thread/INFO]: Villager bss['Villager'/69688, l='ServerLevel[world]', x=-1879.15, y=63.00, z=-4281.85] died, message: 'Villager was slain by Zombie Villager'
[12:24:56] [Server thread/INFO]: Villager bss['Villager'/69687, l='ServerLevel[world]', x=-1879.85, y=63.00, z=-4281.15] died, message: 'Villager was slain by Zombie Villager'
[12:33:19] [Server thread/INFO]: _ReaZzy lost connection: Disconnected
[12:33:19] [Server thread/INFO]: _ReaZzy left the game
[12:33:19] [Server thread/WARN]: Mismatch in destroy block pos: gt{x=-635, y=60, z=-2229} gt{x=-635, y=59, z=-2228}
[12:34:43] [Server thread/WARN]: Boat (vehicle of VaniaToper) moved wrongly! 0.6789542995393276
[12:38:23] [Server thread/INFO]: _ReaZzy[/172.29.169.159:56699] logged in with entity id 81586 at (-718.165540440658, 65.4503455594904, -2182.209056848982)
[12:38:23] [Server thread/INFO]: _ReaZzy joined the game
[12:40:33] [Server thread/INFO]: Villager bss['Farmer'/35039, l='ServerLevel[world]', x=-717.30, y=64.00, z=-2170.65] died, message: 'Farmer was slain by Zombie Villager'
[12:45:30] [Server thread/INFO]: Villager bss['Mason'/35057, l='ServerLevel[world]', x=-706.70, y=64.00, z=-2193.70] died, message: 'Mason was slain by Zombie Villager'
[12:47:20] [Server thread/INFO]: _LeEta was slain by Zombie Villager
[12:47:49] [Server thread/INFO]: Villager bss['Librarian'/35257, l='ServerLevel[world]', x=-685.70, y=64.00, z=-2217.67] died, message: 'Librarian was slain by Zombie Villager'
[12:48:27] [Server thread/INFO]: VaniaToper lost connection: Disconnected
[12:48:27] [Server thread/INFO]: VaniaToper left the game
[12:48:59] [Server thread/INFO]: Crafty1664 was slain by Enderman
[12:50:08] [Server thread/INFO]: Villager bss['Farmer'/87271, l='ServerLevel[world]', x=-717.70, y=64.00, z=-2167.30] died, message: 'Farmer was slain by Zombie'
[12:51:15] [Server thread/INFO]: Unknown or incomplete command, see below for error
[12:51:15] [Server thread/INFO]: [21~stop[D[D[D[D[D[D[D[D[D[D[D[D[D[D[D[D[D[D[D[D[D[D[D[D[D[D[D[D[D[D[D[D[D[D[D[D[D[C[A[B[A[B[D[D[C[C[D[A[B[A[A[A[A[A[A[A[A[A[A[A[A[A[A[D[C[C[C[C[C[B[C[C[C[C[C[C[C[C[C[C[C[C[C[C[B[B[B[B[B[B[B[B[B[B[B[B[B[B[B[B[B[B[C[C[C[C[C[C[C[C[C[C[C[C[C[C[C[C[C[C[C[1;5C[1;5C[1;5C[1;5C[1;5C[1;5C[1;5C[1;5C[1;5C[1;5C[1;5C[1;5C[1;5C[1;5C[1;5C[1;5C[1;5D[1;5D[1;3D[1;3D[1;5C[1;5C[1;5C[1;5C[1;5C[1;5C[1;5C[1;5C[1;5C[1;5C[1;5C[C[C[C[C[C[C[C[C[C[C[C[C[C[C[C[C[C[C[C[C[C[C[C[C[C[C[C[C[C[C[C[C[A[A[A[A[A[A[A[A[A[A[A[A[A[A[A[A[A[A[A[A[A[A[A[A[A[A[A[A[A[A[A[A[D[D[D[D[D[D[D[D[D[D[D[D[D[D[D[D[D[D[D[D[D[D[D[D[D[D[D[D[D[D[D[D[D[D[D[D[D[D[D[D[D[D[D[D[D[D[D[D[D[D[D[D[D[D[D[D[D[D[D[D[D[D[D[D[D[D[D[D[D[D[D[D[D[D[D[D[D[D[D[D[D[D[D[D[D[D[D[B[B[B[B[B[B[B[B[B[B[B[B[B[B[B[B[B[B[B[B[B[B[B[B[B[B[B[B[B[C[A[A[A[A[A[A[A[A[A[A[A[A[A[A[A[A[C[C[C[C[C[C[C[C[C[C[C[C[C[C[C[C[C[C[C[C[C[C[C[C[C[C[C[C[C[C[B[B[B[B[B[B[B[B[B[B[B[B[B[C[C[C[C[C[C[C[C[C[C[C[C[C[C[C[C[C[C[C[C[C[A[A[A[A[A[A[A[A[A[A[A[A[A[D[D[D[D[D[D[D[D[D[D[D[D[D[D[D[D[D[D[D[D[D[D[D[D[D[D[D[D[D[D[D[D[D[D[D[D[D[D[D[D[D[D[D[D[D[D[D[D[D[D[D[D[D[D[D[D[D[A[A[A[A[A[A[A[A[A[A[A[A[A[1;5C[1;5C[1;5C[1;5C[1;5C[1;5C[1;5C[1;5C[1;5C[1;5C[1;5C[1;5C[1;5C[1;5C[1;5C[1;5C[1;5C[1;5C[1;5C[1;5C[1;5C[1;5C[1;5C[1;5C[1;5C[1;5C[1;5C[1;5C[1;5C[1;5C[1;5C[1;5C[1;5C[1;5C[1;5C[1;5C[1;5C[1;5C[1;5C[1;5C[1;5C[1;5C[1;5C[1;5C[1;5C[1;5C[1;5C[1;5C[1;5C[1;5C[1;5C[1;5C[1;5C[1;5C[1;5C[1;5C[1;5C[1;5C[1;5C[1;5C[1;5C[1;5C[1;5C[1;5C[1;5C[1;5C[1;5C[1;5C[1;5C[1;5C[1;5C[1;5C[1;5C[1;5C[1;5C[1;5C[1;5C[1;5C[1;5C[1;5C[1;5C[1;5C[1;5C[1;5C[1;5C[1;5C[1;5C[1;5C[1;5C[1;5C[1;5C[1;5C[B[B[B[B[B[B[B[B[B[B[B[B[B[B[B[B[B[B[B[B[B[B[B[B[B[B[B[B[B[B[B[B[B[B[B[B[B[B[B[B[B[D[D[D[D[D[D[D[D[D[D[D[D[D[D[D[D[D[D[D[D[D[D[D[D[D[D[D[D[D[D[D[D[D[D[D[D[D[D[D[D[A[B[C[C[C[C[C[C[C[C[C[C[C[C[A[A[A[A[A[A[A[A[A[A[A[A[A[A[A[A[A[A[A[A[A[A[A[A[A[A[A[A[A[D[D[D[D[D[D[D[D[D[D[D[D[D[D[D[D[D[D[D[C[C[C[C[C[C[C[C[C[C[C[C[C[C[C[C[C[C[C[C[C[C[C[C[C[C[C[C[C[C[C[C[C[C[C[C[C[C[C[C[C[C[C[C[C[C[C[C[C[C[C[C[C[C[C[C[C[C[C[C[C[C[C[C[C[C[C[C[C[C[C[C[C[C[C[C[C[C[C[C[C[C[C[C[C[C[C[C[C[C[C[C[C[B[B[B[B[B[B[B[B[D[A[D[B[C[B[C[B[C[C[B[B[B[B[B[B[B[B[B[B[B[B[B[B[B[B[A[A[A[A[A[A[A[A[A[A[A[D[C[C[C[C[C[C[C[C[C[C[C[C[C[C[C[C[C[C[C[C[C[C[B[C[C[C[C[C[C[C[C[C[C[C[C[C[C[C[A[A[A[A[A[A[A[A[A[A[A[A[A[A[A[C[B[C[B[C[B[C[C[C[C[C[C[C[C[C[C[C[C[C[C[C[C[C[C[C[C[C[C[C[C[C[C[A[B[D[D[D[D[D[D[D[1;5D[1;5D[1;5D[B[A[A[B[D[D[D[C[C[C[C[C[C[C[D[D[D³åùç<--[HERE]
[12:51:16] [Server thread/INFO]: _ReaZzy was slain by Zombie Villager using [Óäà÷à]
[12:51:18] [Server thread/INFO]: Stopping the server
[12:51:18] [Server thread/INFO]: Stopping server
[12:51:18] [Server thread/INFO]: Saving players
[12:51:18] [Server thread/INFO]: A4ko lost connection: Server closed
[12:51:18] [Server thread/INFO]: A4ko left the game
[12:51:18] [Server thread/INFO]: _ReaZzy lost connection: Disconnected
[12:51:18] [Server thread/INFO]: _ReaZzy left the game
[12:51:18] [Server thread/INFO]: Saving worlds
